[2015-12-06 17:17:09] START
[2015-12-06 18:11:57] EDIT Contacts/views/default/index.html: -43
[2015-12-06 18:31:24] EDIT Contacts/views/default/index.html: 0
[2015-12-06 18:50:43] CREATE db_contacts.py: 0
[2015-12-06 18:52:34] EDIT Contacts/models/db_contacts.py: 3
[2015-12-06 18:54:56] EDIT Contacts/models/db_contacts.py: 3
[2015-12-06 18:55:20] EDIT Contacts/models/db_contacts.py: 0
[2015-12-06 23:36:34] EDIT Contacts/views/default/index.html: 1
[2015-12-06 23:36:53] EDIT Contacts/controllers/default.py: -6
[2015-12-07 00:01:05] EDIT Contacts/controllers/default.py: 0
[2015-12-07 00:01:14] EDIT Contacts/views/default/index.html: 0
[2015-12-07 00:05:53] EDIT Contacts/views/default/index.html: 6
[2015-12-07 00:05:59] EDIT Contacts/views/default/index.html: -1
[2015-12-07 00:06:26] EDIT Contacts/views/default/index.html: 0
[2015-12-07 00:06:33] EDIT Contacts/views/default/index.html: 0
[2015-12-07 00:06:53] EDIT Contacts/views/default/index.html: -3
[2015-12-07 00:07:07] EDIT Contacts/views/default/index.html: 3
[2015-12-07 00:07:20] EDIT Contacts/views/default/index.html: -3
[2015-12-07 00:07:25] EDIT Contacts/views/default/index.html: 0
[2015-12-07 00:07:37] EDIT Contacts/views/default/index.html: 3
[2015-12-07 00:08:42] EDIT Contacts/views/default/index.html: 3
[2015-12-07 00:08:44] EDIT Contacts/views/default/index.html: 0
[2015-12-07 00:08:54] EDIT Contacts/views/default/index.html: -4
[2015-12-07 00:09:05] EDIT Contacts/views/default/index.html: 0
[2015-12-07 00:12:04] EDIT Contacts/views/default/index.html: 0
